\BOOKMARK [0][-]{section*.1}{\376\377\116\055\145\207\144\130\211\201}{}% 1
\BOOKMARK [0][-]{section*.2}{\376\377\202\361\145\207\144\130\211\201}{}% 2
\BOOKMARK [0][-]{chapter.1}{\376\377\176\352\213\272}{}% 3
\BOOKMARK [1][-]{section.1.1}{\376\377\170\024\172\166\200\314\146\157\116\016\141\017\116\111}{chapter.1}% 4
\BOOKMARK [1][-]{section.1.2}{\376\377\170\024\172\166\163\260\162\266\176\374\217\360}{chapter.1}% 5
\BOOKMARK [2][-]{subsection.1.2.1}{\376\377\126\376\120\317\122\006\122\162\170\024\172\166\163\260\162\266}{section.1.2}% 6
\BOOKMARK [2][-]{subsection.1.2.2}{\376\377\134\017\150\067\147\054\133\146\116\140\170\024\172\166\163\260\162\266}{section.1.2}% 7
\BOOKMARK [1][-]{section.1.3}{\376\377\227\142\116\064\166\204\126\360\226\276\124\214\143\021\142\030}{chapter.1}% 8
\BOOKMARK [1][-]{section.1.4}{\376\377\213\272\145\207\176\323\147\204\124\214\116\073\211\201\121\205\133\271}{chapter.1}% 9
\BOOKMARK [0][-]{chapter.2}{\376\377\166\370\121\163\123\237\164\006\124\214\142\200\147\057}{}% 10
\BOOKMARK [1][-]{section.2.1}{\376\377\116\013\221\307\150\067}{chapter.2}% 11
\BOOKMARK [2][-]{subsection.2.1.1}{\376\377\123\167\171\357}{section.2.1}% 12
\BOOKMARK [2][-]{subsection.2.1.2}{\376\377\154\140\123\026}{section.2.1}% 13
\BOOKMARK [1][-]{section.2.2}{\376\377\116\012\221\307\150\067}{chapter.2}% 14
\BOOKMARK [2][-]{subsection.2.2.1}{\376\377\123\314\176\277\140\047\143\322\120\074}{section.2.2}% 15
\BOOKMARK [2][-]{subsection.2.2.2}{\376\377\217\154\177\156\123\167\171\357}{section.2.2}% 16
\BOOKMARK [2][-]{subsection.2.2.3}{\376\377\000U\000n\000S\000a\000m\000p\000l\000i\000n\000g\124\214\000U\000n\000p\000o\000o\000l\000i\000n\000g}{section.2.2}% 17
\BOOKMARK [1][-]{section.2.3}{\376\377\126\376\120\317\122\006\122\162\213\304\117\060\143\007\150\007}{chapter.2}% 18
\BOOKMARK [2][-]{subsection.2.3.1}{\376\377\120\317\175\040\174\276\136\246}{section.2.3}% 19
\BOOKMARK [2][-]{subsection.2.3.2}{\376\377\136\163\127\107\120\317\175\040\174\276\136\246}{section.2.3}% 20
\BOOKMARK [2][-]{subsection.2.3.3}{\376\377\000J\000a\000c\000c\000a\000r\000d\166\370\117\074\174\373\145\160}{section.2.3}% 21
\BOOKMARK [2][-]{subsection.2.3.4}{\376\377\000D\000i\000c\000e\166\370\117\074\174\373\145\160}{section.2.3}% 22
\BOOKMARK [1][-]{section.2.4}{\376\377\143\137\131\061\121\375\145\160}{chapter.2}% 23
\BOOKMARK [2][-]{subsection.2.4.1}{\376\377\000M\000S\000E}{section.2.4}% 24
\BOOKMARK [2][-]{subsection.2.4.2}{\376\377\000D\000i\000c\000e\000\040\000L\000o\000s\000s}{section.2.4}% 25
\BOOKMARK [2][-]{subsection.2.4.3}{\376\377\000C\000r\000o\000s\000s\000E\000n\000t\000r\000o\000p\000y}{section.2.4}% 26
\BOOKMARK [1][-]{section.2.5}{\376\377\117\030\123\026\173\227\154\325}{chapter.2}% 27
\BOOKMARK [2][-]{subsection.2.5.1}{\376\377\150\257\136\246\116\013\226\115\154\325}{section.2.5}% 28
\BOOKMARK [2][-]{subsection.2.5.2}{\376\377\000A\000d\000a\000G\000a\000r\000d}{section.2.5}% 29
\BOOKMARK [2][-]{subsection.2.5.3}{\376\377\000R\000M\000S\000p\000r\000o\000p\124\214\000A\000d\000a\000D\000e\000l\000t\000a}{section.2.5}% 30
\BOOKMARK [1][-]{section.2.6}{\376\377\000U\000-\000n\000e\000t\152\041\127\213\176\323\147\204}{chapter.2}% 31
\BOOKMARK [0][-]{chapter.3}{\376\377\127\372\116\216\145\071\217\333\166\204\000U\000-\000n\000e\000t\177\121\176\334\152\041\127\213\217\333\210\114\134\017\150\067\147\054\126\376\120\317\122\006\122\162}{}% 32
\BOOKMARK [1][-]{section.3.1}{\376\377\225\356\230\230\143\320\121\372\124\214\211\343\121\263\140\035\215\357}{chapter.3}% 33
\BOOKMARK [1][-]{section.3.2}{\376\377\145\160\143\156\130\236\137\072}{chapter.3}% 34
\BOOKMARK [1][-]{section.3.3}{\376\377\143\137\131\061\121\375\145\160\213\276\213\241}{chapter.3}% 35
\BOOKMARK [1][-]{section.3.4}{\376\377\145\071\217\333\166\204\000U\000-\000n\000e\000t\152\041\127\213}{chapter.3}% 36
\BOOKMARK [1][-]{section.3.5}{\376\377\133\236\232\214\176\323\147\234\124\214\122\006\147\220}{chapter.3}% 37
\BOOKMARK [2][-]{subsection.3.5.1}{\376\377\000E\000d\000g\000e\000L\000o\000s\000s\143\137\131\061\230\171\133\371\161\147\133\236\232\214}{section.3.5}% 38
\BOOKMARK [2][-]{subsection.3.5.2}{\376\377\145\071\217\333\000U\000-\000n\000e\000t\152\041\127\213\133\371\161\147\133\236\232\214}{section.3.5}% 39
\BOOKMARK [2][-]{subsection.3.5.3}{\376\377\124\014\145\366\155\373\122\240\000E\000d\000g\000e\000L\000o\000s\000s\116\016\145\071\217\333\000U\000-\000n\000e\000t\133\371\161\147\133\236\232\214}{section.3.5}% 40
\BOOKMARK [1][-]{section.3.6}{\376\377\176\323\213\272}{chapter.3}% 41
\BOOKMARK [0][-]{chapter.4}{\376\377\140\073\176\323\124\214\134\125\147\033}{}% 42
\BOOKMARK [1][-]{section.4.1}{\376\377\140\073\176\323}{chapter.4}% 43
\BOOKMARK [1][-]{section.4.2}{\376\377\134\125\147\033}{chapter.4}% 44
\BOOKMARK [0][-]{section*.31}{\376\377\123\302\200\003\145\207\163\056}{}% 45
\BOOKMARK [0][-]{section*.33}{\376\377\201\364\214\042}{}% 46
